INFO 2025-05-22 10:49:34,556 autoreload 113480 11576 C:\Users\Administrator\PycharmProjects\WFGameAI\wfgame-ai-server\api\reports.py changed, reloading.
INFO 2025-05-22 10:49:47,995 autoreload 47572 120860 Watching for file changes with StatReloader
INFO 2025-05-22 10:49:53,134 basehttp 47572 58048 "GET /static/pages/reports_template.html HTTP/1.1" 304 0
WARNING 2025-05-22 10:49:53,156 log 47572 58048 Not Found: /.well-known/appspecific/com.chrome.devtools.json
WARNING 2025-05-22 10:49:53,157 basehttp 47572 58048 "GET /.well-known/appspecific/com.chrome.devtools.json HTTP/1.1" 404 4720
INFO 2025-05-22 10:49:53,483 basehttp 47572 58048 "POST /api/reports/summary_list/ HTTP/1.1" 200 15
INFO 2025-05-22 10:50:07,781 basehttp 47572 58048 "GET /api/docs/ HTTP/1.1" 200 788
INFO 2025-05-22 10:50:08,341 basehttp 47572 58048 "GET /api/schema/ HTTP/1.1" 200 16250
INFO 2025-05-22 10:51:20,903 autoreload 47572 120860 C:\Users\Administrator\PycharmProjects\WFGameAI\wfgame-ai-server\api\reports.py changed, reloading.
INFO 2025-05-22 10:51:21,392 autoreload 36660 69744 Watching for file changes with StatReloader
INFO 2025-05-22 10:51:24,452 basehttp 36660 64084 "POST /api/reports/summary_list/ HTTP/1.1" 200 4291
INFO 2025-05-22 10:51:30,702 basehttp 36660 64084 "GET /pages/report_detail.html?report_id=2025-05-21-17-32-30 HTTP/1.1" 302 0
INFO 2025-05-22 10:51:30,810 basehttp 36660 64084 "GET /static/pages/report_detail_template.html HTTP/1.1" 200 6902
WARNING 2025-05-22 10:51:30,831 log 36660 64084 Not Found: /.well-known/appspecific/com.chrome.devtools.json
WARNING 2025-05-22 10:51:30,831 basehttp 36660 64084 "GET /.well-known/appspecific/com.chrome.devtools.json HTTP/1.1" 404 4720
WARNING 2025-05-22 10:51:31,164 basehttp 36660 64084 "GET /static/reports/summary_report_%7B%7B%20report_id%20%7D%7D.html HTTP/1.1" 404 2001
INFO 2025-05-22 10:56:07,419 basehttp 36660 35680 "GET /pages/scripts.html HTTP/1.1" 302 0
INFO 2025-05-22 10:56:07,421 basehttp 36660 35680 "GET /static/pages/scripts.html HTTP/1.1" 304 0
WARNING 2025-05-22 10:56:07,451 log 36660 35680 Not Found: /.well-known/appspecific/com.chrome.devtools.json
WARNING 2025-05-22 10:56:07,451 basehttp 36660 35680 "GET /.well-known/appspecific/com.chrome.devtools.json HTTP/1.1" 404 4720
INFO 2025-05-22 10:56:07,798 basehttp 36660 35680 "POST /api/scripts/ HTTP/1.1" 200 2748
INFO 2025-05-22 10:56:59,799 basehttp 36660 35680 "POST /api/scripts/replay/ HTTP/1.1" 200 469
INFO 2025-05-22 10:58:10,716 basehttp 36660 35680 "GET /pages/reports_template.html HTTP/1.1" 302 0
WARNING 2025-05-22 10:58:10,739 log 36660 35680 Not Found: /.well-known/appspecific/com.chrome.devtools.json
WARNING 2025-05-22 10:58:10,739 basehttp 36660 35680 "GET /.well-known/appspecific/com.chrome.devtools.json HTTP/1.1" 404 4720
INFO 2025-05-22 10:58:11,097 basehttp 36660 35680 "POST /api/reports/summary_list/ HTTP/1.1" 200 4291
INFO 2025-05-22 10:58:15,731 basehttp 36660 35680 "POST /api/reports/summary_list/ HTTP/1.1" 200 4291
